

============================== 2022-05-01 14:55:16.980578 | 66ffeb04-3206-4e9a-9bfc-6e800c473099 ==============================
14:55:16.980578 [info ] [MainThread]: Running with dbt=1.0.5
14:55:16.981223 [debug] [MainThread]: running dbt with arguments Namespace(cls=<class 'dbt.task.init.InitTask'>, debug=None, defer=None, event_buffer_size=None, fail_fast=None, log_cache_events=False, log_format=None, partial_parse=None, printer_width=None, profile=None, profiles_dir='/Users/lisa/.dbt', project_dir=None, project_name='ncoder_dwh', record_timing_info=None, rpc_method=None, send_anonymous_usage_stats=None, single_threaded=False, skip_profile_setup=False, state=None, static_parser=None, target=None, use_colors=None, use_experimental_parser=None, vars='{}', version_check=None, warn_error=None, which='init', write_json=None)
14:55:16.981341 [debug] [MainThread]: Tracking: tracking
14:55:17.000108 [debug] [MainThread]: Sending event: {'category': 'dbt', 'action': 'invocation', 'label': 'start', 'context': [<snowplow_tracker.self_describing_json.SelfDescribingJson object at 0x7ff22a810fa0>, <snowplow_tracker.self_describing_json.SelfDescribingJson object at 0x7ff22a810a60>, <snowplow_tracker.self_describing_json.SelfDescribingJson object at 0x7ff22a79ae20>]}
14:55:17.001172 [info ] [MainThread]: Creating dbt configuration folder at /Users/lisa/.dbt
14:55:17.001983 [debug] [MainThread]: Starter project path: /Users/lisa/opt/anaconda3/lib/python3.8/site-packages/dbt/include/starter_project
14:55:28.342880 [info ] [MainThread]: Profile ncoder_dwh written to /Users/lisa/.dbt/profiles.yml using target's sample configuration. Once updated, you'll be able to start developing with dbt.
14:55:28.343208 [info ] [MainThread]: 
Your new dbt project "ncoder_dwh" was created!

For more information on how to configure the profiles.yml file,
please consult the dbt documentation here:

  https://docs.getdbt.com/docs/configure-your-profile

One more thing:

Need help? Don't hesitate to reach out to us via GitHub issues or on Slack:

  https://community.getdbt.com/

Happy modeling!

14:55:28.343545 [debug] [MainThread]: Sending event: {'category': 'dbt', 'action': 'invocation', 'label': 'end', 'context': [<snowplow_tracker.self_describing_json.SelfDescribingJson object at 0x7ff22a803400>, <snowplow_tracker.self_describing_json.SelfDescribingJson object at 0x7ff22a8038b0>, <snowplow_tracker.self_describing_json.SelfDescribingJson object at 0x7ff22a79af10>]}


============================== 2022-06-11 16:31:24.564414 | f8ee7343-a364-493c-97b5-ed9564291379 ==============================
16:31:24.564418 [info ] [MainThread]: Running with dbt=1.1.0
16:31:24.564779 [debug] [MainThread]: running dbt with arguments {'write_json': True, 'use_colors': True, 'printer_width': 80, 'version_check': True, 'partial_parse': True, 'static_parser': True, 'profiles_dir': '/Users/lisa/.dbt', 'send_anonymous_usage_stats': True, 'event_buffer_size': 100000, 'quiet': False, 'no_print': False, 'skip_profile_setup': False, 'which': 'init', 'indirect_selection': 'eager'}
16:31:24.564851 [debug] [MainThread]: Tracking: tracking
16:31:24.576184 [debug] [MainThread]: Sending event: {'category': 'dbt', 'action': 'invocation', 'label': 'start', 'context': [<snowplow_tracker.self_describing_json.SelfDescribingJson object at 0x104ee9ac0>, <snowplow_tracker.self_describing_json.SelfDescribingJson object at 0x104ee9df0>, <snowplow_tracker.self_describing_json.SelfDescribingJson object at 0x104ee9f70>]}
16:31:33.639109 [debug] [MainThread]: Starter project path: /opt/homebrew/Cellar/dbt-postgres/1.1.0/libexec/lib/python3.9/site-packages/dbt/include/starter_project
16:31:36.696931 [info ] [MainThread]: 
Your new dbt project "dwh_dbt" was created!

For more information on how to configure the profiles.yml file,
please consult the dbt documentation here:

  https://docs.getdbt.com/docs/configure-your-profile

One more thing:

Need help? Don't hesitate to reach out to us via GitHub issues or on Slack:

  https://community.getdbt.com/

Happy modeling!

16:31:36.697245 [debug] [MainThread]: Sending event: {'category': 'dbt', 'action': 'invocation', 'label': 'end', 'context': [<snowplow_tracker.self_describing_json.SelfDescribingJson object at 0x104ee9d90>, <snowplow_tracker.self_describing_json.SelfDescribingJson object at 0x104ec6880>, <snowplow_tracker.self_describing_json.SelfDescribingJson object at 0x104ec6310>]}
